# JRE version: OpenJDK Runtime Environment (17.0.6) (build 17.0.6+0-b2043.56-10027231)
# Java VM: OpenJDK 64-Bit Server VM (17.0.6+0-b2043.56-10027231, mixed mode, tiered, compressed oops, compressed class ptrs, g1 gc, windows-amd64)
GC Precious Log:
 CPUs: 4 total, 4 available
 Memory: 8089M
 Large Page Support: Disabled
 NUMA Support: Disabled
 Compressed Oops: Enabled (32-bit)
 Heap Region Size: 1M
 Heap Min Capacity: 8M
 Heap Initial Capacity: 128M
 Heap Max Capacity: 2G
 Pre-touch: Disabled
 Parallel Workers: 4
 Concurrent Workers: 1
 Concurrent Refinement Workers: 4
 Periodic GC: Disabled
Heap:
 garbage-first heap   total 266240K, used 144166K [0x0000000080000000, 0x0000000100000000)
  region size 1024K, 2 young (2048K), 2 survivors (2048K)
 Metaspace       used 112350K, committed 113024K, reserved 1146880K
  class space    used 15350K, committed 15680K, reserved 1048576K
GC Heap History (20 events):
Event: 14.667 GC heap after
{Heap after GC invocations=26 (full 0):
 garbage-first heap   total 214016K, used 69501K [0x0000000080000000, 0x0000000100000000)
  region size 1024K, 8 young (8192K), 8 survivors (8192K)
 Metaspace       used 77897K, committed 78528K, reserved 1122304K
  class space    used 10344K, committed 10624K, reserved 1048576K
}
Event: 16.475 GC heap before
{Heap before GC invocations=26 (full 0):
 garbage-first heap   total 214016K, used 153469K [0x0000000080000000, 0x0000000100000000)
  region size 1024K, 90 young (92160K), 8 survivors (8192K)
 Metaspace       used 87050K, committed 87680K, reserved 1130496K
  class space    used 11836K, committed 12096K, reserved 1048576K
}
Event: 16.503 GC heap after
{Heap after GC invocations=27 (full 0):
 garbage-first heap   total 214016K, used 74098K [0x0000000080000000, 0x0000000100000000)
  region size 1024K, 6 young (6144K), 6 survivors (6144K)
 Metaspace       used 87050K, committed 87680K, reserved 1130496K
  class space    used 11836K, committed 12096K, reserved 1048576K
}
Event: 17.989 GC heap before
{Heap before GC invocations=27 (full 0):
 garbage-first heap   total 214016K, used 160114K [0x0000000080000000, 0x0000000100000000)
  region size 1024K, 90 young (92160K), 6 survivors (6144K)
 Metaspace       used 92845K, committed 93440K, reserved 1130496K
  class space    used 12640K, committed 12928K, reserved 1048576K
}
Event: 18.029 GC heap after
{Heap after GC invocations=28 (full 0):
 garbage-first heap   total 214016K, used 83691K [0x0000000080000000, 0x0000000100000000)
  region size 1024K, 12 young (12288K), 12 survivors (12288K)
 Metaspace       used 92845K, committed 93440K, reserved 1130496K
  class space    used 12640K, committed 12928K, reserved 1048576K
}
Event: 19.680 GC heap before
{Heap before GC invocations=28 (full 0):
 garbage-first heap   total 214016K, used 162539K [0x0000000080000000, 0x0000000100000000)
  region size 1024K, 89 young (91136K), 12 survivors (12288K)
 Metaspace       used 94957K, committed 95616K, reserved 1138688K
  class space    used 12964K, committed 13248K, reserved 1048576K
}
Event: 19.732 GC heap after
{Heap after GC invocations=29 (full 0):
 garbage-first heap   total 214016K, used 93681K [0x0000000080000000, 0x0000000100000000)
  region size 1024K, 10 young (10240K), 10 survivors (10240K)
 Metaspace       used 94957K, committed 95616K, reserved 1138688K
  class space    used 12964K, committed 13248K, reserved 1048576K
}
Event: 21.642 GC heap before
{Heap before GC invocations=29 (full 0):
 garbage-first heap   total 214016K, used 160241K [0x0000000080000000, 0x0000000100000000)
  region size 1024K, 76 young (77824K), 10 survivors (10240K)
 Metaspace       used 97276K, committed 97920K, reserved 1138688K
  class space    used 13177K, committed 13504K, reserved 1048576K
}
Event: 21.674 GC heap after
{Heap after GC invocations=30 (full 0):
 garbage-first heap   total 257024K, used 100762K [0x0000000080000000, 0x0000000100000000)
  region size 1024K, 8 young (8192K), 8 survivors (8192K)
 Metaspace       used 97276K, committed 97920K, reserved 1138688K
  class space    used 13177K, committed 13504K, reserved 1048576K
}
Event: 23.412 GC heap before
{Heap before GC invocations=31 (full 0):
 garbage-first heap   total 257024K, used 197018K [0x0000000080000000, 0x0000000100000000)
  region size 1024K, 103 young (105472K), 8 survivors (8192K)
 Metaspace       used 103594K, committed 104256K, reserved 1138688K
  class space    used 14052K, committed 14400K, reserved 1048576K
}
Event: 23.439 GC heap after
{Heap after GC invocations=32 (full 0):
 garbage-first heap   total 257024K, used 111794K [0x0000000080000000, 0x0000000100000000)
  region size 1024K, 12 young (12288K), 12 survivors (12288K)
 Metaspace       used 103594K, committed 104256K, reserved 1138688K
  class space    used 14052K, committed 14400K, reserved 1048576K
}
Event: 23.457 GC heap before
{Heap before GC invocations=32 (full 0):
 garbage-first heap   total 257024K, used 112818K [0x0000000080000000, 0x0000000100000000)
  region size 1024K, 13 young (13312K), 12 survivors (12288K)
 Metaspace       used 103624K, committed 104320K, reserved 1138688K
  class space    used 14056K, committed 14400K, reserved 1048576K
}
Event: 23.480 GC heap after
{Heap after GC invocations=33 (full 0):
 garbage-first heap   total 257024K, used 112246K [0x0000000080000000, 0x0000000100000000)
  region size 1024K, 2 young (2048K), 2 survivors (2048K)
 Metaspace       used 103624K, committed 104320K, reserved 1138688K
  class space    used 14056K, committed 14400K, reserved 1048576K
}
Event: 24.429 GC heap before
{Heap before GC invocations=33 (full 0):
 garbage-first heap   total 257024K, used 199286K [0x0000000080000000, 0x0000000100000000)
  region size 1024K, 88 young (90112K), 2 survivors (2048K)
 Metaspace       used 107651K, committed 108352K, reserved 1146880K
  class space    used 14645K, committed 14976K, reserved 1048576K
}
Event: 24.471 GC heap after
{Heap after GC invocations=34 (full 0):
 garbage-first heap   total 257024K, used 126421K [0x0000000080000000, 0x0000000100000000)
  region size 1024K, 11 young (11264K), 11 survivors (11264K)
 Metaspace       used 107651K, committed 108352K, reserved 1146880K
  class space    used 14645K, committed 14976K, reserved 1048576K
}
Event: 25.082 GC heap before
{Heap before GC invocations=34 (full 0):
 garbage-first heap   total 257024K, used 201173K [0x0000000080000000, 0x0000000100000000)
  region size 1024K, 84 young (86016K), 11 survivors (11264K)
 Metaspace       used 110984K, committed 111680K, reserved 1146880K
  class space    used 15226K, committed 15552K, reserved 1048576K
}
Event: 25.131 GC heap after
{Heap after GC invocations=35 (full 0):
 garbage-first heap   total 257024K, used 137835K [0x0000000080000000, 0x0000000100000000)
  region size 1024K, 11 young (11264K), 11 survivors (11264K)
 Metaspace       used 110984K, committed 111680K, reserved 1146880K
  class space    used 15226K, committed 15552K, reserved 1048576K
}
Event: 26.329 GC heap before
{Heap before GC invocations=36 (full 0):
 garbage-first heap   total 266240K, used 203371K [0x0000000080000000, 0x0000000100000000)
  region size 1024K, 76 young (77824K), 11 survivors (11264K)
 Metaspace       used 112287K, committed 112960K, reserved 1146880K
  class space    used 15349K, committed 15680K, reserved 1048576K
}
Event: 26.363 GC heap after
{Heap after GC invocations=37 (full 0):
 garbage-first heap   total 266240K, used 144759K [0x0000000080000000, 0x0000000100000000)
  region size 1024K, 7 young (7168K), 7 survivors (7168K)
 Metaspace       used 112287K, committed 112960K, reserved 1146880K
  class space    used 15349K, committed 15680K, reserved 1048576K
}
Event: 26.442 GC heap before
{Heap before GC invocations=37 (full 0):
 garbage-first heap   total 266240K, used 150903K [0x0000000080000000, 0x0000000100000000)
  region size 1024K, 13 young (13312K), 7 survivors (7168K)
 Metaspace       used 112350K, committed 113024K, reserved 1146880K
  class space    used 15350K, committed 15680K, reserved 1048576K
}

