# JRE version: OpenJDK Runtime Environment (17.0.6) (build 17.0.6+0-b2043.56-10027231)
# Java VM: OpenJDK 64-Bit Server VM (17.0.6+0-b2043.56-10027231, mixed mode, tiered, compressed oops, compressed class ptrs, g1 gc, windows-amd64)
GC Precious Log:
 CPUs: 4 total, 4 available
 Memory: 8089M
 Large Page Support: Disabled
 NUMA Support: Disabled
 Compressed Oops: Enabled (32-bit)
 Heap Region Size: 1M
 Heap Min Capacity: 8M
 Heap Initial Capacity: 128M
 Heap Max Capacity: 2G
 Pre-touch: Disabled
 Parallel Workers: 4
 Concurrent Workers: 1
 Concurrent Refinement Workers: 4
 Periodic GC: Disabled
Heap:
 garbage-first heap   total 288768K, used 171863K [0x0000000080000000, 0x0000000100000000)
  region size 1024K, 3 young (3072K), 3 survivors (3072K)
 Metaspace       used 130461K, committed 131200K, reserved 1163264K
  class space    used 16874K, committed 17216K, reserved 1048576K
GC Heap History (20 events):
Event: 19.746 GC heap after
{Heap after GC invocations=36 (full 0):
 garbage-first heap   total 248832K, used 111408K [0x0000000080000000, 0x0000000100000000)
  region size 1024K, 2 young (2048K), 2 survivors (2048K)
 Metaspace       used 91111K, committed 91840K, reserved 1130496K
  class space    used 12531K, committed 12864K, reserved 1048576K
}
Event: 20.421 GC heap before
{Heap before GC invocations=36 (full 0):
 garbage-first heap   total 248832K, used 196400K [0x0000000080000000, 0x0000000100000000)
  region size 1024K, 80 young (81920K), 2 survivors (2048K)
 Metaspace       used 91371K, committed 92096K, reserved 1130496K
  class space    used 12542K, committed 12864K, reserved 1048576K
}
Event: 20.470 GC heap after
{Heap after GC invocations=37 (full 0):
 garbage-first heap   total 248832K, used 135343K [0x0000000080000000, 0x0000000100000000)
  region size 1024K, 10 young (10240K), 10 survivors (10240K)
 Metaspace       used 91371K, committed 92096K, reserved 1130496K
  class space    used 12542K, committed 12864K, reserved 1048576K
}
Event: 21.278 GC heap before
{Heap before GC invocations=37 (full 0):
 garbage-first heap   total 248832K, used 176303K [0x0000000080000000, 0x0000000100000000)
  region size 1024K, 51 young (52224K), 10 survivors (10240K)
 Metaspace       used 95673K, committed 96384K, reserved 1138688K
  class space    used 13045K, committed 13376K, reserved 1048576K
}
Event: 21.305 GC heap after
{Heap after GC invocations=38 (full 0):
 garbage-first heap   total 248832K, used 139476K [0x0000000080000000, 0x0000000100000000)
  region size 1024K, 4 young (4096K), 4 survivors (4096K)
 Metaspace       used 95673K, committed 96384K, reserved 1138688K
  class space    used 13045K, committed 13376K, reserved 1048576K
}
Event: 22.407 GC heap before
{Heap before GC invocations=39 (full 0):
 garbage-first heap   total 263168K, used 201940K [0x0000000080000000, 0x0000000100000000)
  region size 1024K, 59 young (60416K), 4 survivors (4096K)
 Metaspace       used 101401K, committed 102080K, reserved 1138688K
  class space    used 13564K, committed 13888K, reserved 1048576K
}
Event: 22.424 GC heap after
{Heap after GC invocations=40 (full 0):
 garbage-first heap   total 263168K, used 153088K [0x0000000080000000, 0x0000000100000000)
  region size 1024K, 8 young (8192K), 8 survivors (8192K)
 Metaspace       used 101401K, committed 102080K, reserved 1138688K
  class space    used 13564K, committed 13888K, reserved 1048576K
}
Event: 22.495 GC heap before
{Heap before GC invocations=40 (full 0):
 garbage-first heap   total 263168K, used 157184K [0x0000000080000000, 0x0000000100000000)
  region size 1024K, 12 young (12288K), 8 survivors (8192K)
 Metaspace       used 101926K, committed 102656K, reserved 1138688K
  class space    used 13631K, committed 13952K, reserved 1048576K
}
Event: 22.518 GC heap after
{Heap after GC invocations=41 (full 0):
 garbage-first heap   total 263168K, used 153180K [0x0000000080000000, 0x0000000100000000)
  region size 1024K, 1 young (1024K), 1 survivors (1024K)
 Metaspace       used 101926K, committed 102656K, reserved 1138688K
  class space    used 13631K, committed 13952K, reserved 1048576K
}
Event: 23.699 GC heap before
{Heap before GC invocations=41 (full 0):
 garbage-first heap   total 263168K, used 211548K [0x0000000080000000, 0x0000000100000000)
  region size 1024K, 57 young (58368K), 1 survivors (1024K)
 Metaspace       used 109628K, committed 110336K, reserved 1146880K
  class space    used 14597K, committed 14912K, reserved 1048576K
}
Event: 23.717 GC heap after
{Heap after GC invocations=42 (full 0):
 garbage-first heap   total 263168K, used 156015K [0x0000000080000000, 0x0000000100000000)
  region size 1024K, 4 young (4096K), 4 survivors (4096K)
 Metaspace       used 109628K, committed 110336K, reserved 1146880K
  class space    used 14597K, committed 14912K, reserved 1048576K
}
Event: 24.474 GC heap before
{Heap before GC invocations=42 (full 0):
 garbage-first heap   total 263168K, used 213359K [0x0000000080000000, 0x0000000100000000)
  region size 1024K, 60 young (61440K), 4 survivors (4096K)
 Metaspace       used 112074K, committed 112768K, reserved 1146880K
  class space    used 14865K, committed 15168K, reserved 1048576K
}
Event: 24.488 GC heap after
{Heap after GC invocations=43 (full 0):
 garbage-first heap   total 263168K, used 159482K [0x0000000080000000, 0x0000000100000000)
  region size 1024K, 8 young (8192K), 8 survivors (8192K)
 Metaspace       used 112074K, committed 112768K, reserved 1146880K
  class space    used 14865K, committed 15168K, reserved 1048576K
}
Event: 25.274 GC heap before
{Heap before GC invocations=43 (full 0):
 garbage-first heap   total 263168K, used 215802K [0x0000000080000000, 0x0000000100000000)
  region size 1024K, 63 young (64512K), 8 survivors (8192K)
 Metaspace       used 114365K, committed 115072K, reserved 1155072K
  class space    used 15116K, committed 15424K, reserved 1048576K
}
Event: 25.297 GC heap after
{Heap after GC invocations=44 (full 0):
 garbage-first heap   total 263168K, used 164114K [0x0000000080000000, 0x0000000100000000)
  region size 1024K, 8 young (8192K), 8 survivors (8192K)
 Metaspace       used 114365K, committed 115072K, reserved 1155072K
  class space    used 15116K, committed 15424K, reserved 1048576K
}
Event: 27.068 GC heap before
{Heap before GC invocations=45 (full 0):
 garbage-first heap   total 288768K, used 218386K [0x0000000080000000, 0x0000000100000000)
  region size 1024K, 61 young (62464K), 8 survivors (8192K)
 Metaspace       used 118805K, committed 119488K, reserved 1155072K
  class space    used 15547K, committed 15872K, reserved 1048576K
}
Event: 27.090 GC heap after
{Heap after GC invocations=46 (full 0):
 garbage-first heap   total 288768K, used 170126K [0x0000000080000000, 0x0000000100000000)
  region size 1024K, 6 young (6144K), 6 survivors (6144K)
 Metaspace       used 118805K, committed 119488K, reserved 1155072K
  class space    used 15547K, committed 15872K, reserved 1048576K
}
Event: 27.280 GC heap before
{Heap before GC invocations=46 (full 0):
 garbage-first heap   total 288768K, used 177294K [0x0000000080000000, 0x0000000100000000)
  region size 1024K, 14 young (14336K), 6 survivors (6144K)
 Metaspace       used 120125K, committed 120832K, reserved 1155072K
  class space    used 15670K, committed 16000K, reserved 1048576K
}
Event: 27.297 GC heap after
{Heap after GC invocations=47 (full 0):
 garbage-first heap   total 288768K, used 169963K [0x0000000080000000, 0x0000000100000000)
  region size 1024K, 1 young (1024K), 1 survivors (1024K)
 Metaspace       used 120125K, committed 120832K, reserved 1155072K
  class space    used 15670K, committed 16000K, reserved 1048576K
}
Event: 28.779 GC heap before
{Heap before GC invocations=47 (full 0):
 garbage-first heap   total 288768K, used 235499K [0x0000000080000000, 0x0000000100000000)
  region size 1024K, 65 young (66560K), 1 survivors (1024K)
 Metaspace       used 130461K, committed 131200K, reserved 1163264K
  class space    used 16874K, committed 17216K, reserved 1048576K
}

