# JRE version: OpenJDK Runtime Environment (17.0.6) (build 17.0.6+0-b2043.56-10027231)
# Java VM: OpenJDK 64-Bit Server VM (17.0.6+0-b2043.56-10027231, mixed mode, tiered, compressed oops, compressed class ptrs, g1 gc, windows-amd64)
GC Precious Log:
 CPUs: 4 total, 4 available
 Memory: 8089M
 Large Page Support: Disabled
 NUMA Support: Disabled
 Compressed Oops: Enabled (32-bit)
 Heap Region Size: 1M
 Heap Min Capacity: 8M
 Heap Initial Capacity: 128M
 Heap Max Capacity: 2G
 Pre-touch: Disabled
 Parallel Workers: 4
 Concurrent Workers: 1
 Concurrent Refinement Workers: 4
 Periodic GC: Disabled
Heap:
 garbage-first heap   total 222208K, used 83613K [0x0000000080000000, 0x0000000100000000)
  region size 1024K, 17 young (17408K), 7 survivors (7168K)
 Metaspace       used 86146K, committed 86720K, reserved 1130496K
  class space    used 11681K, committed 11968K, reserved 1048576K
GC Heap History (20 events):
Event: 8.263 GC heap before
{Heap before GC invocations=12 (full 0):
 garbage-first heap   total 86016K, used 66537K [0x0000000080000000, 0x0000000100000000)
  region size 1024K, 37 young (37888K), 4 survivors (4096K)
 Metaspace       used 52983K, committed 53440K, reserved 1097728K
  class space    used 7082K, committed 7296K, reserved 1048576K
}
Event: 8.291 GC heap after
{Heap after GC invocations=13 (full 0):
 garbage-first heap   total 86016K, used 35586K [0x0000000080000000, 0x0000000100000000)
  region size 1024K, 5 young (5120K), 5 survivors (5120K)
 Metaspace       used 52983K, committed 53440K, reserved 1097728K
  class space    used 7082K, committed 7296K, reserved 1048576K
}
Event: 8.855 GC heap before
{Heap before GC invocations=13 (full 0):
 garbage-first heap   total 86016K, used 60162K [0x0000000080000000, 0x0000000100000000)
  region size 1024K, 26 young (26624K), 5 survivors (5120K)
 Metaspace       used 53542K, committed 54016K, reserved 1097728K
  class space    used 7135K, committed 7360K, reserved 1048576K
}
Event: 8.870 GC heap after
{Heap after GC invocations=14 (full 0):
 garbage-first heap   total 103424K, used 44586K [0x0000000080000000, 0x0000000100000000)
  region size 1024K, 5 young (5120K), 5 survivors (5120K)
 Metaspace       used 53542K, committed 54016K, reserved 1097728K
  class space    used 7135K, committed 7360K, reserved 1048576K
}
Event: 9.643 GC heap before
{Heap before GC invocations=14 (full 0):
 garbage-first heap   total 103424K, used 84522K [0x0000000080000000, 0x0000000100000000)
  region size 1024K, 39 young (39936K), 5 survivors (5120K)
 Metaspace       used 57964K, committed 58496K, reserved 1105920K
  class space    used 7704K, committed 7936K, reserved 1048576K
}
Event: 9.656 GC heap after
{Heap after GC invocations=15 (full 0):
 garbage-first heap   total 103424K, used 53833K [0x0000000080000000, 0x0000000100000000)
  region size 1024K, 5 young (5120K), 5 survivors (5120K)
 Metaspace       used 57964K, committed 58496K, reserved 1105920K
  class space    used 7704K, committed 7936K, reserved 1048576K
}
Event: 10.043 GC heap before
{Heap before GC invocations=15 (full 0):
 garbage-first heap   total 103424K, used 67145K [0x0000000080000000, 0x0000000100000000)
  region size 1024K, 19 young (19456K), 5 survivors (5120K)
 Metaspace       used 60100K, committed 60608K, reserved 1105920K
  class space    used 7956K, committed 8192K, reserved 1048576K
}
Event: 10.048 GC heap after
{Heap after GC invocations=16 (full 0):
 garbage-first heap   total 103424K, used 54148K [0x0000000080000000, 0x0000000100000000)
  region size 1024K, 1 young (1024K), 1 survivors (1024K)
 Metaspace       used 60100K, committed 60608K, reserved 1105920K
  class space    used 7956K, committed 8192K, reserved 1048576K
}
Event: 10.828 GC heap before
{Heap before GC invocations=17 (full 0):
 garbage-first heap   total 103424K, used 89988K [0x0000000080000000, 0x0000000100000000)
  region size 1024K, 30 young (30720K), 1 survivors (1024K)
 Metaspace       used 64032K, committed 64640K, reserved 1105920K
  class space    used 8500K, committed 8768K, reserved 1048576K
}
Event: 10.838 GC heap after
{Heap after GC invocations=18 (full 0):
 garbage-first heap   total 103424K, used 63450K [0x0000000080000000, 0x0000000100000000)
  region size 1024K, 4 young (4096K), 4 survivors (4096K)
 Metaspace       used 64032K, committed 64640K, reserved 1105920K
  class space    used 8500K, committed 8768K, reserved 1048576K
}
Event: 10.843 GC heap before
{Heap before GC invocations=18 (full 0):
 garbage-first heap   total 103424K, used 64474K [0x0000000080000000, 0x0000000100000000)
  region size 1024K, 5 young (5120K), 4 survivors (4096K)
 Metaspace       used 64032K, committed 64640K, reserved 1105920K
  class space    used 8500K, committed 8768K, reserved 1048576K
}
Event: 10.851 GC heap after
{Heap after GC invocations=19 (full 0):
 garbage-first heap   total 103424K, used 64476K [0x0000000080000000, 0x0000000100000000)
  region size 1024K, 1 young (1024K), 1 survivors (1024K)
 Metaspace       used 64032K, committed 64640K, reserved 1105920K
  class space    used 8500K, committed 8768K, reserved 1048576K
}
Event: 11.265 GC heap before
{Heap before GC invocations=19 (full 0):
 garbage-first heap   total 103424K, used 82908K [0x0000000080000000, 0x0000000100000000)
  region size 1024K, 19 young (19456K), 1 survivors (1024K)
 Metaspace       used 65991K, committed 66496K, reserved 1114112K
  class space    used 8765K, committed 9024K, reserved 1048576K
}
Event: 11.273 GC heap after
{Heap after GC invocations=20 (full 0):
 garbage-first heap   total 235520K, used 65484K [0x0000000080000000, 0x0000000100000000)
  region size 1024K, 2 young (2048K), 2 survivors (2048K)
 Metaspace       used 65991K, committed 66496K, reserved 1114112K
  class space    used 8765K, committed 9024K, reserved 1048576K
}
Event: 13.357 GC heap before
{Heap before GC invocations=21 (full 0):
 garbage-first heap   total 222208K, used 155596K [0x0000000080000000, 0x0000000100000000)
  region size 1024K, 95 young (97280K), 2 survivors (2048K)
 Metaspace       used 75429K, committed 76032K, reserved 1122304K
  class space    used 9994K, committed 10304K, reserved 1048576K
}
Event: 13.384 GC heap after
{Heap after GC invocations=22 (full 0):
 garbage-first heap   total 222208K, used 68842K [0x0000000080000000, 0x0000000100000000)
  region size 1024K, 10 young (10240K), 10 survivors (10240K)
 Metaspace       used 75429K, committed 76032K, reserved 1122304K
  class space    used 9994K, committed 10304K, reserved 1048576K
}
Event: 13.396 GC heap before
{Heap before GC invocations=22 (full 0):
 garbage-first heap   total 222208K, used 69866K [0x0000000080000000, 0x0000000100000000)
  region size 1024K, 11 young (11264K), 10 survivors (10240K)
 Metaspace       used 75429K, committed 76032K, reserved 1122304K
  class space    used 9994K, committed 10304K, reserved 1048576K
}
Event: 13.412 GC heap after
{Heap after GC invocations=23 (full 0):
 garbage-first heap   total 222208K, used 69554K [0x0000000080000000, 0x0000000100000000)
  region size 1024K, 2 young (2048K), 2 survivors (2048K)
 Metaspace       used 75429K, committed 76032K, reserved 1122304K
  class space    used 9994K, committed 10304K, reserved 1048576K
}
Event: 17.122 GC heap before
{Heap before GC invocations=23 (full 0):
 garbage-first heap   total 222208K, used 165810K [0x0000000080000000, 0x0000000100000000)
  region size 1024K, 95 young (97280K), 2 survivors (2048K)
 Metaspace       used 85432K, committed 86016K, reserved 1130496K
  class space    used 11582K, committed 11904K, reserved 1048576K
}
Event: 17.139 GC heap after
{Heap after GC invocations=24 (full 0):
 garbage-first heap   total 222208K, used 74397K [0x0000000080000000, 0x0000000100000000)
  region size 1024K, 7 young (7168K), 7 survivors (7168K)
 Metaspace       used 85432K, committed 86016K, reserved 1130496K
  class space    used 11582K, committed 11904K, reserved 1048576K
}

