# JRE version: OpenJDK Runtime Environment (17.0.6) (build 17.0.6+0-b2043.56-10027231)
# Java VM: OpenJDK 64-Bit Server VM (17.0.6+0-b2043.56-10027231, mixed mode, tiered, compressed oops, compressed class ptrs, g1 gc, windows-amd64)
GC Precious Log:
 CPUs: 4 total, 4 available
 Memory: 8089M
 Large Page Support: Disabled
 NUMA Support: Disabled
 Compressed Oops: Enabled (32-bit)
 Heap Region Size: 1M
 Heap Min Capacity: 8M
 Heap Initial Capacity: 128M
 Heap Max Capacity: 2G
 Pre-touch: Disabled
 Parallel Workers: 4
 Concurrent Workers: 1
 Concurrent Refinement Workers: 4
 Periodic GC: Disabled
Heap:
 garbage-first heap   total 161792K, used 77320K [0x0000000080000000, 0x0000000100000000)
  region size 1024K, 5 young (5120K), 5 survivors (5120K)
 Metaspace       used 91978K, committed 92672K, reserved 1130496K
  class space    used 12536K, committed 12864K, reserved 1048576K
GC Heap History (20 events):
Event: 9.786 GC heap after
{Heap after GC invocations=14 (full 0):
 garbage-first heap   total 103424K, used 32101K [0x0000000080000000, 0x0000000100000000)
  region size 1024K, 5 young (5120K), 5 survivors (5120K)
 Metaspace       used 48546K, committed 49024K, reserved 1097728K
  class space    used 6450K, committed 6656K, reserved 1048576K
}
Event: 10.813 GC heap before
{Heap before GC invocations=14 (full 0):
 garbage-first heap   total 103424K, used 78181K [0x0000000080000000, 0x0000000100000000)
  region size 1024K, 51 young (52224K), 5 survivors (5120K)
 Metaspace       used 52991K, committed 53440K, reserved 1097728K
  class space    used 7079K, committed 7296K, reserved 1048576K
}
Event: 10.848 GC heap after
{Heap after GC invocations=15 (full 0):
 garbage-first heap   total 103424K, used 35379K [0x0000000080000000, 0x0000000100000000)
  region size 1024K, 6 young (6144K), 6 survivors (6144K)
 Metaspace       used 52991K, committed 53440K, reserved 1097728K
  class space    used 7079K, committed 7296K, reserved 1048576K
}
Event: 11.877 GC heap before
{Heap before GC invocations=15 (full 0):
 garbage-first heap   total 103424K, used 89651K [0x0000000080000000, 0x0000000100000000)
  region size 1024K, 50 young (51200K), 6 survivors (6144K)
 Metaspace       used 56073K, committed 56576K, reserved 1097728K
  class space    used 7485K, committed 7680K, reserved 1048576K
}
Event: 11.893 GC heap after
{Heap after GC invocations=16 (full 0):
 garbage-first heap   total 104448K, used 52064K [0x0000000080000000, 0x0000000100000000)
  region size 1024K, 7 young (7168K), 7 survivors (7168K)
 Metaspace       used 56073K, committed 56576K, reserved 1097728K
  class space    used 7485K, committed 7680K, reserved 1048576K
}
Event: 12.454 GC heap before
{Heap before GC invocations=16 (full 0):
 garbage-first heap   total 104448K, used 77664K [0x0000000080000000, 0x0000000100000000)
  region size 1024K, 34 young (34816K), 7 survivors (7168K)
 Metaspace       used 60192K, committed 60736K, reserved 1105920K
  class space    used 7986K, committed 8256K, reserved 1048576K
}
Event: 12.462 GC heap after
{Heap after GC invocations=17 (full 0):
 garbage-first heap   total 104448K, used 54216K [0x0000000080000000, 0x0000000100000000)
  region size 1024K, 2 young (2048K), 2 survivors (2048K)
 Metaspace       used 60192K, committed 60736K, reserved 1105920K
  class space    used 7986K, committed 8256K, reserved 1048576K
}
Event: 12.980 GC heap before
{Heap before GC invocations=18 (full 0):
 garbage-first heap   total 104448K, used 70600K [0x0000000080000000, 0x0000000100000000)
  region size 1024K, 20 young (20480K), 2 survivors (2048K)
 Metaspace       used 64023K, committed 64640K, reserved 1105920K
  class space    used 8503K, committed 8768K, reserved 1048576K
}
Event: 12.986 GC heap after
{Heap after GC invocations=19 (full 0):
 garbage-first heap   total 104448K, used 55994K [0x0000000080000000, 0x0000000100000000)
  region size 1024K, 4 young (4096K), 4 survivors (4096K)
 Metaspace       used 64023K, committed 64640K, reserved 1105920K
  class space    used 8503K, committed 8768K, reserved 1048576K
}
Event: 13.399 GC heap before
{Heap before GC invocations=20 (full 0):
 garbage-first heap   total 126976K, used 87738K [0x0000000080000000, 0x0000000100000000)
  region size 1024K, 29 young (29696K), 4 survivors (4096K)
 Metaspace       used 65672K, committed 66176K, reserved 1114112K
  class space    used 8719K, committed 8960K, reserved 1048576K
}
Event: 13.411 GC heap after
{Heap after GC invocations=21 (full 0):
 garbage-first heap   total 126976K, used 58604K [0x0000000080000000, 0x0000000100000000)
  region size 1024K, 4 young (4096K), 4 survivors (4096K)
 Metaspace       used 65672K, committed 66176K, reserved 1114112K
  class space    used 8719K, committed 8960K, reserved 1048576K
}
Event: 13.988 GC heap before
{Heap before GC invocations=21 (full 0):
 garbage-first heap   total 126976K, used 94444K [0x0000000080000000, 0x0000000100000000)
  region size 1024K, 39 young (39936K), 4 survivors (4096K)
 Metaspace       used 69145K, committed 69760K, reserved 1114112K
  class space    used 9175K, committed 9472K, reserved 1048576K
}
Event: 14.001 GC heap after
{Heap after GC invocations=22 (full 0):
 garbage-first heap   total 161792K, used 61137K [0x0000000080000000, 0x0000000100000000)
  region size 1024K, 3 young (3072K), 3 survivors (3072K)
 Metaspace       used 69145K, committed 69760K, reserved 1114112K
  class space    used 9175K, committed 9472K, reserved 1048576K
}
Event: 15.159 GC heap before
{Heap before GC invocations=22 (full 0):
 garbage-first heap   total 161792K, used 116433K [0x0000000080000000, 0x0000000100000000)
  region size 1024K, 57 young (58368K), 3 survivors (3072K)
 Metaspace       used 75375K, committed 75968K, reserved 1122304K
  class space    used 9994K, committed 10304K, reserved 1048576K
}
Event: 15.178 GC heap after
{Heap after GC invocations=23 (full 0):
 garbage-first heap   total 161792K, used 65296K [0x0000000080000000, 0x0000000100000000)
  region size 1024K, 7 young (7168K), 7 survivors (7168K)
 Metaspace       used 75375K, committed 75968K, reserved 1122304K
  class space    used 9994K, committed 10304K, reserved 1048576K
}
Event: 16.364 GC heap before
{Heap before GC invocations=23 (full 0):
 garbage-first heap   total 161792K, used 123664K [0x0000000080000000, 0x0000000100000000)
  region size 1024K, 63 young (64512K), 7 survivors (7168K)
 Metaspace       used 80377K, committed 80960K, reserved 1122304K
  class space    used 10862K, committed 11136K, reserved 1048576K
}
Event: 16.387 GC heap after
{Heap after GC invocations=24 (full 0):
 garbage-first heap   total 161792K, used 68985K [0x0000000080000000, 0x0000000100000000)
  region size 1024K, 4 young (4096K), 4 survivors (4096K)
 Metaspace       used 80377K, committed 80960K, reserved 1122304K
  class space    used 10862K, committed 11136K, reserved 1048576K
}
Event: 17.500 GC heap before
{Heap before GC invocations=24 (full 0):
 garbage-first heap   total 161792K, used 124281K [0x0000000080000000, 0x0000000100000000)
  region size 1024K, 58 young (59392K), 4 survivors (4096K)
 Metaspace       used 85855K, committed 86464K, reserved 1130496K
  class space    used 11651K, committed 11968K, reserved 1048576K
}
Event: 17.517 GC heap after
{Heap after GC invocations=25 (full 0):
 garbage-first heap   total 161792K, used 73020K [0x0000000080000000, 0x0000000100000000)
  region size 1024K, 8 young (8192K), 8 survivors (8192K)
 Metaspace       used 85855K, committed 86464K, reserved 1130496K
  class space    used 11651K, committed 11968K, reserved 1048576K
}
Event: 18.540 GC heap before
{Heap before GC invocations=25 (full 0):
 garbage-first heap   total 161792K, used 127292K [0x0000000080000000, 0x0000000100000000)
  region size 1024K, 61 young (62464K), 8 survivors (8192K)
 Metaspace       used 91978K, committed 92672K, reserved 1130496K
  class space    used 12536K, committed 12864K, reserved 1048576K
}

