# JRE version: OpenJDK Runtime Environment (17.0.6) (build 17.0.6+0-b2043.56-10027231)
# Java VM: OpenJDK 64-Bit Server VM (17.0.6+0-b2043.56-10027231, mixed mode, tiered, compressed oops, compressed class ptrs, g1 gc, windows-amd64)
GC Precious Log:
 CPUs: 4 total, 4 available
 Memory: 8089M
 Large Page Support: Disabled
 NUMA Support: Disabled
 Compressed Oops: Enabled (32-bit)
 Heap Region Size: 1M
 Heap Min Capacity: 8M
 Heap Initial Capacity: 128M
 Heap Max Capacity: 2G
 Pre-touch: Disabled
 Parallel Workers: 4
 Concurrent Workers: 1
 Concurrent Refinement Workers: 4
 Periodic GC: Disabled
Heap:
 garbage-first heap   total 239616K, used 101301K [0x0000000080000000, 0x0000000100000000)
  region size 1024K, 7 young (7168K), 7 survivors (7168K)
 Metaspace       used 100508K, committed 101184K, reserved 1138688K
  class space    used 13531K, committed 13888K, reserved 1048576K
GC Heap History (20 events):
Event: 21.103 GC heap after
{Heap after GC invocations=29 (full 0):
 garbage-first heap   total 119808K, used 63500K [0x0000000080000000, 0x0000000100000000)
  region size 1024K, 5 young (5120K), 5 survivors (5120K)
 Metaspace       used 73548K, committed 74112K, reserved 1114112K
  class space    used 9762K, committed 10048K, reserved 1048576K
}
Event: 21.137 GC heap before
{Heap before GC invocations=29 (full 0):
 garbage-first heap   total 119808K, used 64524K [0x0000000080000000, 0x0000000100000000)
  region size 1024K, 6 young (6144K), 5 survivors (5120K)
 Metaspace       used 73652K, committed 74240K, reserved 1114112K
  class space    used 9768K, committed 10048K, reserved 1048576K
}
Event: 21.149 GC heap after
{Heap after GC invocations=30 (full 0):
 garbage-first heap   total 119808K, used 63691K [0x0000000080000000, 0x0000000100000000)
  region size 1024K, 1 young (1024K), 1 survivors (1024K)
 Metaspace       used 73652K, committed 74240K, reserved 1114112K
  class space    used 9768K, committed 10048K, reserved 1048576K
}
Event: 21.808 GC heap before
{Heap before GC invocations=30 (full 0):
 garbage-first heap   total 119808K, used 95435K [0x0000000080000000, 0x0000000100000000)
  region size 1024K, 32 young (32768K), 1 survivors (1024K)
 Metaspace       used 75496K, committed 76096K, reserved 1122304K
  class space    used 10001K, committed 10304K, reserved 1048576K
}
Event: 21.819 GC heap after
{Heap after GC invocations=31 (full 0):
 garbage-first heap   total 239616K, used 66354K [0x0000000080000000, 0x0000000100000000)
  region size 1024K, 4 young (4096K), 4 survivors (4096K)
 Metaspace       used 75496K, committed 76096K, reserved 1122304K
  class space    used 10001K, committed 10304K, reserved 1048576K
}
Event: 25.437 GC heap before
{Heap before GC invocations=32 (full 0):
 garbage-first heap   total 239616K, used 161586K [0x0000000080000000, 0x0000000100000000)
  region size 1024K, 96 young (98304K), 4 survivors (4096K)
 Metaspace       used 85704K, committed 86272K, reserved 1130496K
  class space    used 11620K, committed 11904K, reserved 1048576K
}
Event: 25.458 GC heap after
{Heap after GC invocations=33 (full 0):
 garbage-first heap   total 239616K, used 72443K [0x0000000080000000, 0x0000000100000000)
  region size 1024K, 10 young (10240K), 10 survivors (10240K)
 Metaspace       used 85704K, committed 86272K, reserved 1130496K
  class space    used 11620K, committed 11904K, reserved 1048576K
}
Event: 25.477 GC heap before
{Heap before GC invocations=33 (full 0):
 garbage-first heap   total 239616K, used 73467K [0x0000000080000000, 0x0000000100000000)
  region size 1024K, 11 young (11264K), 10 survivors (10240K)
 Metaspace       used 85795K, committed 86400K, reserved 1130496K
  class space    used 11630K, committed 11904K, reserved 1048576K
}
Event: 25.503 GC heap after
{Heap after GC invocations=34 (full 0):
 garbage-first heap   total 239616K, used 73664K [0x0000000080000000, 0x0000000100000000)
  region size 1024K, 2 young (2048K), 2 survivors (2048K)
 Metaspace       used 85795K, committed 86400K, reserved 1130496K
  class space    used 11630K, committed 11904K, reserved 1048576K
}
Event: 28.226 GC heap before
{Heap before GC invocations=34 (full 0):
 garbage-first heap   total 239616K, used 182208K [0x0000000080000000, 0x0000000100000000)
  region size 1024K, 108 young (110592K), 2 survivors (2048K)
 Metaspace       used 92977K, committed 93568K, reserved 1130496K
  class space    used 12643K, committed 12928K, reserved 1048576K
}
Event: 28.250 GC heap after
{Heap after GC invocations=35 (full 0):
 garbage-first heap   total 239616K, used 84642K [0x0000000080000000, 0x0000000100000000)
  region size 1024K, 13 young (13312K), 13 survivors (13312K)
 Metaspace       used 92977K, committed 93568K, reserved 1130496K
  class space    used 12643K, committed 12928K, reserved 1048576K
}
Event: 30.858 GC heap before
{Heap before GC invocations=35 (full 0):
 garbage-first heap   total 239616K, used 182946K [0x0000000080000000, 0x0000000100000000)
  region size 1024K, 110 young (112640K), 13 survivors (13312K)
 Metaspace       used 95434K, committed 96064K, reserved 1138688K
  class space    used 12980K, committed 13248K, reserved 1048576K
}
Event: 30.912 GC heap after
{Heap after GC invocations=36 (full 0):
 garbage-first heap   total 239616K, used 94759K [0x0000000080000000, 0x0000000100000000)
  region size 1024K, 10 young (10240K), 10 survivors (10240K)
 Metaspace       used 95434K, committed 96064K, reserved 1138688K
  class space    used 12980K, committed 13248K, reserved 1048576K
}
Event: 34.211 GC heap before
{Heap before GC invocations=36 (full 0):
 garbage-first heap   total 239616K, used 186919K [0x0000000080000000, 0x0000000100000000)
  region size 1024K, 100 young (102400K), 10 survivors (10240K)
 Metaspace       used 100302K, committed 100928K, reserved 1138688K
  class space    used 13519K, committed 13824K, reserved 1048576K
}
Event: 34.237 GC heap after
{Heap after GC invocations=37 (full 0):
 garbage-first heap   total 239616K, used 100827K [0x0000000080000000, 0x0000000100000000)
  region size 1024K, 7 young (7168K), 7 survivors (7168K)
 Metaspace       used 100302K, committed 100928K, reserved 1138688K
  class space    used 13519K, committed 13824K, reserved 1048576K
}
Event: 34.986 GC heap before
{Heap before GC invocations=37 (full 0):
 garbage-first heap   total 239616K, used 189915K [0x0000000080000000, 0x0000000100000000)
  region size 1024K, 95 young (97280K), 7 survivors (7168K)
 Metaspace       used 100470K, committed 101184K, reserved 1138688K
  class space    used 13531K, committed 13888K, reserved 1048576K
}
Event: 35.005 GC heap after
{Heap after GC invocations=38 (full 0):
 garbage-first heap   total 239616K, used 100277K [0x0000000080000000, 0x0000000100000000)
  region size 1024K, 6 young (6144K), 6 survivors (6144K)
 Metaspace       used 100470K, committed 101184K, reserved 1138688K
  class space    used 13531K, committed 13888K, reserved 1048576K
}
Event: 35.621 GC heap before
{Heap before GC invocations=38 (full 0):
 garbage-first heap   total 239616K, used 194485K [0x0000000080000000, 0x0000000100000000)
  region size 1024K, 99 young (101376K), 6 survivors (6144K)
 Metaspace       used 100493K, committed 101184K, reserved 1138688K
  class space    used 13531K, committed 13888K, reserved 1048576K
}
Event: 35.634 GC heap after
{Heap after GC invocations=39 (full 0):
 garbage-first heap   total 239616K, used 101213K [0x0000000080000000, 0x0000000100000000)
  region size 1024K, 7 young (7168K), 7 survivors (7168K)
 Metaspace       used 100493K, committed 101184K, reserved 1138688K
  class space    used 13531K, committed 13888K, reserved 1048576K
}
Event: 35.920 GC heap before
{Heap before GC invocations=39 (full 0):
 garbage-first heap   total 239616K, used 197469K [0x0000000080000000, 0x0000000100000000)
  region size 1024K, 102 young (104448K), 7 survivors (7168K)
 Metaspace       used 100508K, committed 101184K, reserved 1138688K
  class space    used 13531K, committed 13888K, reserved 1048576K
}

