# JRE version: OpenJDK Runtime Environment (17.0.6) (build 17.0.6+0-b2043.56-10027231)
# Java VM: OpenJDK 64-Bit Server VM (17.0.6+0-b2043.56-10027231, mixed mode, tiered, compressed oops, compressed class ptrs, g1 gc, windows-amd64)
GC Precious Log:
 CPUs: 4 total, 4 available
 Memory: 8089M
 Large Page Support: Disabled
 NUMA Support: Disabled
 Compressed Oops: Enabled (32-bit)
 Heap Region Size: 1M
 Heap Min Capacity: 8M
 Heap Initial Capacity: 128M
 Heap Max Capacity: 2G
 Pre-touch: Disabled
 Parallel Workers: 4
 Concurrent Workers: 1
 Concurrent Refinement Workers: 4
 Periodic GC: Disabled
Heap:
 garbage-first heap   total 141312K, used 86241K [0x0000000080000000, 0x0000000100000000)
  region size 1024K, 25 young (25600K), 6 survivors (6144K)
 Metaspace       used 79750K, committed 80384K, reserved 1122304K
  class space    used 10708K, committed 11008K, reserved 1048576K
GC Heap History (20 events):
Event: 17.554 GC heap before
{Heap before GC invocations=18 (full 0):
 garbage-first heap   total 82944K, used 45150K [0x0000000080000000, 0x0000000100000000)
  region size 1024K, 5 young (5120K), 2 survivors (2048K)
 Metaspace       used 53610K, committed 54144K, reserved 1097728K
  class space    used 7141K, committed 7360K, reserved 1048576K
}
Event: 17.557 GC heap after
{Heap after GC invocations=19 (full 0):
 garbage-first heap   total 82944K, used 44538K [0x0000000080000000, 0x0000000100000000)
  region size 1024K, 3 young (3072K), 3 survivors (3072K)
 Metaspace       used 53610K, committed 54144K, reserved 1097728K
  class space    used 7141K, committed 7360K, reserved 1048576K
}
Event: 18.374 GC heap before
{Heap before GC invocations=20 (full 0):
 garbage-first heap   total 86016K, used 65018K [0x0000000080000000, 0x0000000100000000)
  region size 1024K, 19 young (19456K), 3 survivors (3072K)
 Metaspace       used 55209K, committed 55680K, reserved 1097728K
  class space    used 7361K, committed 7552K, reserved 1048576K
}
Event: 18.379 GC heap after
{Heap after GC invocations=21 (full 0):
 garbage-first heap   total 86016K, used 51674K [0x0000000080000000, 0x0000000100000000)
  region size 1024K, 3 young (3072K), 3 survivors (3072K)
 Metaspace       used 55209K, committed 55680K, reserved 1097728K
  class space    used 7361K, committed 7552K, reserved 1048576K
}
Event: 19.105 GC heap before
{Heap before GC invocations=21 (full 0):
 garbage-first heap   total 86016K, used 64986K [0x0000000080000000, 0x0000000100000000)
  region size 1024K, 17 young (17408K), 3 survivors (3072K)
 Metaspace       used 57176K, committed 57664K, reserved 1105920K
  class space    used 7642K, committed 7872K, reserved 1048576K
}
Event: 19.111 GC heap after
{Heap after GC invocations=22 (full 0):
 garbage-first heap   total 86016K, used 52561K [0x0000000080000000, 0x0000000100000000)
  region size 1024K, 1 young (1024K), 1 survivors (1024K)
 Metaspace       used 57176K, committed 57664K, reserved 1105920K
  class space    used 7642K, committed 7872K, reserved 1048576K
}
Event: 19.679 GC heap before
{Heap before GC invocations=23 (full 0):
 garbage-first heap   total 97280K, used 65873K [0x0000000080000000, 0x0000000100000000)
  region size 1024K, 14 young (14336K), 1 survivors (1024K)
 Metaspace       used 59615K, committed 60096K, reserved 1105920K
  class space    used 7910K, committed 8128K, reserved 1048576K
}
Event: 19.684 GC heap after
{Heap after GC invocations=24 (full 0):
 garbage-first heap   total 97280K, used 52929K [0x0000000080000000, 0x0000000100000000)
  region size 1024K, 2 young (2048K), 2 survivors (2048K)
 Metaspace       used 59615K, committed 60096K, reserved 1105920K
  class space    used 7910K, committed 8128K, reserved 1048576K
}
Event: 20.704 GC heap before
{Heap before GC invocations=24 (full 0):
 garbage-first heap   total 97280K, used 73409K [0x0000000080000000, 0x0000000100000000)
  region size 1024K, 22 young (22528K), 2 survivors (2048K)
 Metaspace       used 63458K, committed 63936K, reserved 1105920K
  class space    used 8433K, committed 8640K, reserved 1048576K
}
Event: 20.712 GC heap after
{Heap after GC invocations=25 (full 0):
 garbage-first heap   total 97280K, used 54821K [0x0000000080000000, 0x0000000100000000)
  region size 1024K, 3 young (3072K), 3 survivors (3072K)
 Metaspace       used 63458K, committed 63936K, reserved 1105920K
  class space    used 8433K, committed 8640K, reserved 1048576K
}
Event: 21.057 GC heap before
{Heap before GC invocations=26 (full 0):
 garbage-first heap   total 97280K, used 56869K [0x0000000080000000, 0x0000000100000000)
  region size 1024K, 6 young (6144K), 3 survivors (3072K)
 Metaspace       used 64081K, committed 64704K, reserved 1105920K
  class space    used 8508K, committed 8768K, reserved 1048576K
}
Event: 21.067 GC heap after
{Heap after GC invocations=27 (full 0):
 garbage-first heap   total 97280K, used 55464K [0x0000000080000000, 0x0000000100000000)
  region size 1024K, 2 young (2048K), 2 survivors (2048K)
 Metaspace       used 64081K, committed 64704K, reserved 1105920K
  class space    used 8508K, committed 8768K, reserved 1048576K
}
Event: 21.892 GC heap before
{Heap before GC invocations=28 (full 0):
 garbage-first heap   total 117760K, used 82088K [0x0000000080000000, 0x0000000100000000)
  region size 1024K, 22 young (22528K), 2 survivors (2048K)
 Metaspace       used 65182K, committed 65728K, reserved 1105920K
  class space    used 8654K, committed 8896K, reserved 1048576K
}
Event: 21.901 GC heap after
{Heap after GC invocations=29 (full 0):
 garbage-first heap   total 141312K, used 57285K [0x0000000080000000, 0x0000000100000000)
  region size 1024K, 3 young (3072K), 3 survivors (3072K)
 Metaspace       used 65182K, committed 65728K, reserved 1105920K
  class space    used 8654K, committed 8896K, reserved 1048576K
}
Event: 23.739 GC heap before
{Heap before GC invocations=29 (full 0):
 garbage-first heap   total 141312K, used 98245K [0x0000000080000000, 0x0000000100000000)
  region size 1024K, 43 young (44032K), 3 survivors (3072K)
 Metaspace       used 69283K, committed 69888K, reserved 1114112K
  class space    used 9184K, committed 9472K, reserved 1048576K
}
Event: 23.751 GC heap after
{Heap after GC invocations=30 (full 0):
 garbage-first heap   total 141312K, used 60340K [0x0000000080000000, 0x0000000100000000)
  region size 1024K, 6 young (6144K), 6 survivors (6144K)
 Metaspace       used 69283K, committed 69888K, reserved 1114112K
  class space    used 9184K, committed 9472K, reserved 1048576K
}
Event: 25.295 GC heap before
{Heap before GC invocations=30 (full 0):
 garbage-first heap   total 141312K, used 103348K [0x0000000080000000, 0x0000000100000000)
  region size 1024K, 48 young (49152K), 6 survivors (6144K)
 Metaspace       used 74352K, committed 74880K, reserved 1114112K
  class space    used 9856K, committed 10112K, reserved 1048576K
}
Event: 25.316 GC heap after
{Heap after GC invocations=31 (full 0):
 garbage-first heap   total 141312K, used 63056K [0x0000000080000000, 0x0000000100000000)
  region size 1024K, 6 young (6144K), 6 survivors (6144K)
 Metaspace       used 74352K, committed 74880K, reserved 1114112K
  class space    used 9856K, committed 10112K, reserved 1048576K
}
Event: 27.367 GC heap before
{Heap before GC invocations=31 (full 0):
 garbage-first heap   total 141312K, used 106064K [0x0000000080000000, 0x0000000100000000)
  region size 1024K, 48 young (49152K), 6 survivors (6144K)
 Metaspace       used 77467K, committed 78016K, reserved 1122304K
  class space    used 10277K, committed 10560K, reserved 1048576K
}
Event: 27.386 GC heap after
{Heap after GC invocations=32 (full 0):
 garbage-first heap   total 141312K, used 66785K [0x0000000080000000, 0x0000000100000000)
  region size 1024K, 6 young (6144K), 6 survivors (6144K)
 Metaspace       used 77467K, committed 78016K, reserved 1122304K
  class space    used 10277K, committed 10560K, reserved 1048576K
}

