# JRE version: OpenJDK Runtime Environment (17.0.6) (build 17.0.6+0-b2043.56-10027231)
# Java VM: OpenJDK 64-Bit Server VM (17.0.6+0-b2043.56-10027231, mixed mode, tiered, compressed oops, compressed class ptrs, g1 gc, windows-amd64)
GC Precious Log:
 CPUs: 4 total, 4 available
 Memory: 8089M
 Large Page Support: Disabled
 NUMA Support: Disabled
 Compressed Oops: Enabled (32-bit)
 Heap Region Size: 1M
 Heap Min Capacity: 8M
 Heap Initial Capacity: 128M
 Heap Max Capacity: 2G
 Pre-touch: Disabled
 Parallel Workers: 4
 Concurrent Workers: 1
 Concurrent Refinement Workers: 4
 Periodic GC: Disabled
Heap:
 garbage-first heap   total 250880K, used 132477K [0x0000000080000000, 0x0000000100000000)
  region size 1024K, 2 young (2048K), 2 survivors (2048K)
 Metaspace       used 107522K, committed 108224K, reserved 1146880K
  class space    used 14578K, committed 14912K, reserved 1048576K
GC Heap History (20 events):
Event: 17.334 GC heap after
{Heap after GC invocations=27 (full 0):
 garbage-first heap   total 183296K, used 84445K [0x0000000080000000, 0x0000000100000000)
  region size 1024K, 9 young (9216K), 9 survivors (9216K)
 Metaspace       used 92876K, committed 93504K, reserved 1130496K
  class space    used 12642K, committed 12928K, reserved 1048576K
}
Event: 18.581 GC heap before
{Heap before GC invocations=27 (full 0):
 garbage-first heap   total 183296K, used 142813K [0x0000000080000000, 0x0000000100000000)
  region size 1024K, 67 young (68608K), 9 survivors (9216K)
 Metaspace       used 94786K, committed 95424K, reserved 1138688K
  class space    used 12959K, committed 13248K, reserved 1048576K
}
Event: 18.612 GC heap after
{Heap after GC invocations=28 (full 0):
 garbage-first heap   total 183296K, used 92492K [0x0000000080000000, 0x0000000100000000)
  region size 1024K, 8 young (8192K), 8 survivors (8192K)
 Metaspace       used 94786K, committed 95424K, reserved 1138688K
  class space    used 12959K, committed 13248K, reserved 1048576K
}
Event: 19.810 GC heap before
{Heap before GC invocations=28 (full 0):
 garbage-first heap   total 183296K, used 144716K [0x0000000080000000, 0x0000000100000000)
  region size 1024K, 60 young (61440K), 8 survivors (8192K)
 Metaspace       used 95399K, committed 96128K, reserved 1138688K
  class space    used 12997K, committed 13312K, reserved 1048576K
}
Event: 19.833 GC heap after
{Heap after GC invocations=29 (full 0):
 garbage-first heap   total 183296K, used 96899K [0x0000000080000000, 0x0000000100000000)
  region size 1024K, 6 young (6144K), 6 survivors (6144K)
 Metaspace       used 95399K, committed 96128K, reserved 1138688K
  class space    used 12997K, committed 13312K, reserved 1048576K
}
Event: 21.238 GC heap before
{Heap before GC invocations=30 (full 0):
 garbage-first heap   total 184320K, used 148099K [0x0000000080000000, 0x0000000100000000)
  region size 1024K, 56 young (57344K), 6 survivors (6144K)
 Metaspace       used 98433K, committed 99072K, reserved 1138688K
  class space    used 13348K, committed 13632K, reserved 1048576K
}
Event: 21.258 GC heap after
{Heap after GC invocations=31 (full 0):
 garbage-first heap   total 184320K, used 101615K [0x0000000080000000, 0x0000000100000000)
  region size 1024K, 5 young (5120K), 5 survivors (5120K)
 Metaspace       used 98433K, committed 99072K, reserved 1138688K
  class space    used 13348K, committed 13632K, reserved 1048576K
}
Event: 21.326 GC heap before
{Heap before GC invocations=31 (full 0):
 garbage-first heap   total 184320K, used 104687K [0x0000000080000000, 0x0000000100000000)
  region size 1024K, 9 young (9216K), 5 survivors (5120K)
 Metaspace       used 98771K, committed 99520K, reserved 1138688K
  class space    used 13385K, committed 13760K, reserved 1048576K
}
Event: 21.344 GC heap after
{Heap after GC invocations=32 (full 0):
 garbage-first heap   total 221184K, used 101575K [0x0000000080000000, 0x0000000100000000)
  region size 1024K, 1 young (1024K), 1 survivors (1024K)
 Metaspace       used 98771K, committed 99520K, reserved 1138688K
  class space    used 13385K, committed 13760K, reserved 1048576K
}
Event: 21.805 GC heap before
{Heap before GC invocations=32 (full 0):
 garbage-first heap   total 221184K, used 175303K [0x0000000080000000, 0x0000000100000000)
  region size 1024K, 74 young (75776K), 1 survivors (1024K)
 Metaspace       used 98929K, committed 99648K, reserved 1138688K
  class space    used 13394K, committed 13760K, reserved 1048576K
}
Event: 21.818 GC heap after
{Heap after GC invocations=33 (full 0):
 garbage-first heap   total 221184K, used 101994K [0x0000000080000000, 0x0000000100000000)
  region size 1024K, 2 young (2048K), 2 survivors (2048K)
 Metaspace       used 98929K, committed 99648K, reserved 1138688K
  class space    used 13394K, committed 13760K, reserved 1048576K
}
Event: 22.906 GC heap before
{Heap before GC invocations=34 (full 0):
 garbage-first heap   total 221184K, used 177770K [0x0000000080000000, 0x0000000100000000)
  region size 1024K, 77 young (78848K), 2 survivors (2048K)
 Metaspace       used 102620K, committed 103360K, reserved 1138688K
  class space    used 13929K, committed 14272K, reserved 1048576K
}
Event: 22.919 GC heap after
{Heap after GC invocations=35 (full 0):
 garbage-first heap   total 221184K, used 110843K [0x0000000080000000, 0x0000000100000000)
  region size 1024K, 10 young (10240K), 10 survivors (10240K)
 Metaspace       used 102620K, committed 103360K, reserved 1138688K
  class space    used 13929K, committed 14272K, reserved 1048576K
}
Event: 22.935 GC heap before
{Heap before GC invocations=35 (full 0):
 garbage-first heap   total 221184K, used 111867K [0x0000000080000000, 0x0000000100000000)
  region size 1024K, 11 young (11264K), 10 survivors (10240K)
 Metaspace       used 102823K, committed 103552K, reserved 1138688K
  class space    used 13950K, committed 14272K, reserved 1048576K
}
Event: 22.952 GC heap after
{Heap after GC invocations=36 (full 0):
 garbage-first heap   total 221184K, used 110432K [0x0000000080000000, 0x0000000100000000)
  region size 1024K, 1 young (1024K), 1 survivors (1024K)
 Metaspace       used 102823K, committed 103552K, reserved 1138688K
  class space    used 13950K, committed 14272K, reserved 1048576K
}
Event: 23.689 GC heap before
{Heap before GC invocations=36 (full 0):
 garbage-first heap   total 221184K, used 179040K [0x0000000080000000, 0x0000000100000000)
  region size 1024K, 68 young (69632K), 1 survivors (1024K)
 Metaspace       used 105668K, committed 106368K, reserved 1146880K
  class space    used 14349K, committed 14720K, reserved 1048576K
}
Event: 23.717 GC heap after
{Heap after GC invocations=37 (full 0):
 garbage-first heap   total 221184K, used 123803K [0x0000000080000000, 0x0000000100000000)
  region size 1024K, 9 young (9216K), 9 survivors (9216K)
 Metaspace       used 105668K, committed 106368K, reserved 1146880K
  class space    used 14349K, committed 14720K, reserved 1048576K
}
Event: 24.385 GC heap before
{Heap before GC invocations=38 (full 0):
 garbage-first heap   total 250880K, used 175003K [0x0000000080000000, 0x0000000100000000)
  region size 1024K, 59 young (60416K), 9 survivors (9216K)
 Metaspace       used 107389K, committed 108096K, reserved 1146880K
  class space    used 14560K, committed 14912K, reserved 1048576K
}
Event: 24.425 GC heap after
{Heap after GC invocations=39 (full 0):
 garbage-first heap   total 250880K, used 131758K [0x0000000080000000, 0x0000000100000000)
  region size 1024K, 8 young (8192K), 8 survivors (8192K)
 Metaspace       used 107389K, committed 108096K, reserved 1146880K
  class space    used 14560K, committed 14912K, reserved 1048576K
}
Event: 24.452 GC heap before
{Heap before GC invocations=39 (full 0):
 garbage-first heap   total 250880K, used 135854K [0x0000000080000000, 0x0000000100000000)
  region size 1024K, 12 young (12288K), 8 survivors (8192K)
 Metaspace       used 107522K, committed 108224K, reserved 1146880K
  class space    used 14578K, committed 14912K, reserved 1048576K
}

