# JRE version: OpenJDK Runtime Environment (17.0.6) (build 17.0.6+0-b2043.56-10027231)
# Java VM: OpenJDK 64-Bit Server VM (17.0.6+0-b2043.56-10027231, mixed mode, tiered, compressed oops, compressed class ptrs, g1 gc, windows-amd64)
GC Precious Log:
 CPUs: 4 total, 4 available
 Memory: 8089M
 Large Page Support: Disabled
 NUMA Support: Disabled
 Compressed Oops: Enabled (32-bit)
 Heap Region Size: 1M
 Heap Min Capacity: 8M
 Heap Initial Capacity: 128M
 Heap Max Capacity: 2G
 Pre-touch: Disabled
 Parallel Workers: 4
 Concurrent Workers: 1
 Concurrent Refinement Workers: 4
 Periodic GC: Disabled
Heap:
 garbage-first heap   total 262144K, used 153975K [0x0000000080000000, 0x0000000100000000)
  region size 1024K, 9 young (9216K), 9 survivors (9216K)
 Metaspace       used 136215K, committed 136896K, reserved 1171456K
  class space    used 17497K, committed 17792K, reserved 1048576K
GC Heap History (20 events):
Event: 25.421 GC heap after
{Heap after GC invocations=29 (full 0):
 garbage-first heap   total 262144K, used 110306K [0x0000000080000000, 0x0000000100000000)
  region size 1024K, 10 young (10240K), 10 survivors (10240K)
 Metaspace       used 95093K, committed 95616K, reserved 1138688K
  class space    used 12382K, committed 12608K, reserved 1048576K
}
Event: 27.603 GC heap before
{Heap before GC invocations=30 (full 0):
 garbage-first heap   total 262144K, used 208610K [0x0000000080000000, 0x0000000100000000)
  region size 1024K, 106 young (108544K), 10 survivors (10240K)
 Metaspace       used 109022K, committed 109632K, reserved 1146880K
  class space    used 14034K, committed 14336K, reserved 1048576K
}
Event: 27.627 GC heap after
{Heap after GC invocations=31 (full 0):
 garbage-first heap   total 262144K, used 113186K [0x0000000080000000, 0x0000000100000000)
  region size 1024K, 6 young (6144K), 6 survivors (6144K)
 Metaspace       used 109022K, committed 109632K, reserved 1146880K
  class space    used 14034K, committed 14336K, reserved 1048576K
}
Event: 27.697 GC heap before
{Heap before GC invocations=31 (full 0):
 garbage-first heap   total 262144K, used 119330K [0x0000000080000000, 0x0000000100000000)
  region size 1024K, 12 young (12288K), 6 survivors (6144K)
 Metaspace       used 109045K, committed 109632K, reserved 1146880K
  class space    used 14034K, committed 14336K, reserved 1048576K
}
Event: 27.711 GC heap after
{Heap after GC invocations=32 (full 0):
 garbage-first heap   total 262144K, used 114688K [0x0000000080000000, 0x0000000100000000)
  region size 1024K, 2 young (2048K), 2 survivors (2048K)
 Metaspace       used 109045K, committed 109632K, reserved 1146880K
  class space    used 14034K, committed 14336K, reserved 1048576K
}
Event: 29.034 GC heap before
{Heap before GC invocations=32 (full 0):
 garbage-first heap   total 262144K, used 214016K [0x0000000080000000, 0x0000000100000000)
  region size 1024K, 98 young (100352K), 2 survivors (2048K)
 Metaspace       used 111942K, committed 112576K, reserved 1155072K
  class space    used 14390K, committed 14656K, reserved 1048576K
}
Event: 29.054 GC heap after
{Heap after GC invocations=33 (full 0):
 garbage-first heap   total 262144K, used 122880K [0x0000000080000000, 0x0000000100000000)
  region size 1024K, 10 young (10240K), 10 survivors (10240K)
 Metaspace       used 111942K, committed 112576K, reserved 1155072K
  class space    used 14390K, committed 14656K, reserved 1048576K
}
Event: 31.313 GC heap before
{Heap before GC invocations=34 (full 0):
 garbage-first heap   total 262144K, used 221184K [0x0000000080000000, 0x0000000100000000)
  region size 1024K, 98 young (100352K), 10 survivors (10240K)
 Metaspace       used 118375K, committed 119040K, reserved 1155072K
  class space    used 15318K, committed 15616K, reserved 1048576K
}
Event: 31.355 GC heap after
{Heap after GC invocations=35 (full 0):
 garbage-first heap   total 262144K, used 141952K [0x0000000080000000, 0x0000000100000000)
  region size 1024K, 11 young (11264K), 11 survivors (11264K)
 Metaspace       used 118375K, committed 119040K, reserved 1155072K
  class space    used 15318K, committed 15616K, reserved 1048576K
}
Event: 31.384 GC heap before
{Heap before GC invocations=35 (full 0):
 garbage-first heap   total 262144K, used 142976K [0x0000000080000000, 0x0000000100000000)
  region size 1024K, 12 young (12288K), 11 survivors (11264K)
 Metaspace       used 118537K, committed 119232K, reserved 1155072K
  class space    used 15338K, committed 15616K, reserved 1048576K
}
Event: 31.404 GC heap after
{Heap after GC invocations=36 (full 0):
 garbage-first heap   total 262144K, used 140718K [0x0000000080000000, 0x0000000100000000)
  region size 1024K, 2 young (2048K), 2 survivors (2048K)
 Metaspace       used 118537K, committed 119232K, reserved 1155072K
  class space    used 15338K, committed 15616K, reserved 1048576K
}
Event: 33.092 GC heap before
{Heap before GC invocations=36 (full 0):
 garbage-first heap   total 262144K, used 217518K [0x0000000080000000, 0x0000000100000000)
  region size 1024K, 71 young (72704K), 2 survivors (2048K)
 Metaspace       used 127739K, committed 128448K, reserved 1163264K
  class space    used 16514K, committed 16832K, reserved 1048576K
}
Event: 33.104 GC heap after
{Heap after GC invocations=37 (full 0):
 garbage-first heap   total 262144K, used 145034K [0x0000000080000000, 0x0000000100000000)
  region size 1024K, 6 young (6144K), 6 survivors (6144K)
 Metaspace       used 127739K, committed 128448K, reserved 1163264K
  class space    used 16514K, committed 16832K, reserved 1048576K
}
Event: 34.330 GC heap before
{Heap before GC invocations=37 (full 0):
 garbage-first heap   total 262144K, used 205450K [0x0000000080000000, 0x0000000100000000)
  region size 1024K, 66 young (67584K), 6 survivors (6144K)
 Metaspace       used 133333K, committed 134016K, reserved 1171456K
  class space    used 17241K, committed 17536K, reserved 1048576K
}
Event: 34.348 GC heap after
{Heap after GC invocations=38 (full 0):
 garbage-first heap   total 262144K, used 150476K [0x0000000080000000, 0x0000000100000000)
  region size 1024K, 6 young (6144K), 6 survivors (6144K)
 Metaspace       used 133333K, committed 134016K, reserved 1171456K
  class space    used 17241K, committed 17536K, reserved 1048576K
}
Event: 35.464 GC heap before
{Heap before GC invocations=39 (full 0):
 garbage-first heap   total 262144K, used 210892K [0x0000000080000000, 0x0000000100000000)
  region size 1024K, 68 young (69632K), 6 survivors (6144K)
 Metaspace       used 135682K, committed 136448K, reserved 1171456K
  class space    used 17459K, committed 17792K, reserved 1048576K
}
Event: 35.475 GC heap after
{Heap after GC invocations=40 (full 0):
 garbage-first heap   total 262144K, used 147647K [0x0000000080000000, 0x0000000100000000)
  region size 1024K, 2 young (2048K), 2 survivors (2048K)
 Metaspace       used 135682K, committed 136448K, reserved 1171456K
  class space    used 17459K, committed 17792K, reserved 1048576K
}
Event: 35.542 GC heap before
{Heap before GC invocations=40 (full 0):
 garbage-first heap   total 262144K, used 156863K [0x0000000080000000, 0x0000000100000000)
  region size 1024K, 12 young (12288K), 2 survivors (2048K)
 Metaspace       used 135691K, committed 136448K, reserved 1171456K
  class space    used 17459K, committed 17792K, reserved 1048576K
}
Event: 35.546 GC heap after
{Heap after GC invocations=41 (full 0):
 garbage-first heap   total 262144K, used 144837K [0x0000000080000000, 0x0000000100000000)
  region size 1024K, 1 young (1024K), 1 survivors (1024K)
 Metaspace       used 135691K, committed 136448K, reserved 1171456K
  class space    used 17459K, committed 17792K, reserved 1048576K
}
Event: 36.463 GC heap before
{Heap before GC invocations=41 (full 0):
 garbage-first heap   total 262144K, used 216517K [0x0000000080000000, 0x0000000100000000)
  region size 1024K, 72 young (73728K), 1 survivors (1024K)
 Metaspace       used 136215K, committed 136896K, reserved 1171456K
  class space    used 17497K, committed 17792K, reserved 1048576K
}

