# JRE version: OpenJDK Runtime Environment (17.0.6) (build 17.0.6+0-b2043.56-10027231)
# Java VM: OpenJDK 64-Bit Server VM (17.0.6+0-b2043.56-10027231, mixed mode, tiered, compressed oops, compressed class ptrs, g1 gc, windows-amd64)
GC Precious Log:
 CPUs: 4 total, 4 available
 Memory: 8089M
 Large Page Support: Disabled
 NUMA Support: Disabled
 Compressed Oops: Enabled (32-bit)
 Heap Region Size: 1M
 Heap Min Capacity: 8M
 Heap Initial Capacity: 128M
 Heap Max Capacity: 2G
 Pre-touch: Disabled
 Parallel Workers: 4
 Concurrent Workers: 1
 Concurrent Refinement Workers: 4
 Periodic GC: Disabled
Heap:
 garbage-first heap   total 529408K, used 359424K [0x0000000080000000, 0x0000000100000000)
  region size 1024K, 51 young (52224K), 18 survivors (18432K)
 Metaspace       used 185630K, committed 186944K, reserved 1212416K
  class space    used 23799K, committed 24448K, reserved 1048576K
GC Heap History (20 events):
Event: 72.035 GC heap before
{Heap before GC invocations=73 (full 0):
 garbage-first heap   total 482304K, used 402015K [0x0000000080000000, 0x0000000100000000)
  region size 1024K, 155 young (158720K), 3 survivors (3072K)
 Metaspace       used 171030K, committed 171968K, reserved 1204224K
  class space    used 22036K, committed 22464K, reserved 1048576K
}
Event: 72.051 GC heap after
{Heap after GC invocations=74 (full 0):
 garbage-first heap   total 482304K, used 250358K [0x0000000080000000, 0x0000000100000000)
  region size 1024K, 6 young (6144K), 6 survivors (6144K)
 Metaspace       used 171030K, committed 171968K, reserved 1204224K
  class space    used 22036K, committed 22464K, reserved 1048576K
}
Event: 72.961 GC heap before
{Heap before GC invocations=74 (full 0):
 garbage-first heap   total 482304K, used 404982K [0x0000000080000000, 0x0000000100000000)
  region size 1024K, 158 young (161792K), 6 survivors (6144K)
 Metaspace       used 171175K, committed 172096K, reserved 1204224K
  class space    used 22052K, committed 22464K, reserved 1048576K
}
Event: 72.976 GC heap after
{Heap after GC invocations=75 (full 0):
 garbage-first heap   total 482304K, used 252281K [0x0000000080000000, 0x0000000100000000)
  region size 1024K, 8 young (8192K), 8 survivors (8192K)
 Metaspace       used 171175K, committed 172096K, reserved 1204224K
  class space    used 22052K, committed 22464K, reserved 1048576K
}
Event: 74.372 GC heap before
{Heap before GC invocations=75 (full 0):
 garbage-first heap   total 482304K, used 408953K [0x0000000080000000, 0x0000000100000000)
  region size 1024K, 162 young (165888K), 8 survivors (8192K)
 Metaspace       used 174078K, committed 175040K, reserved 1204224K
  class space    used 22400K, committed 22848K, reserved 1048576K
}
Event: 74.396 GC heap after
{Heap after GC invocations=76 (full 0):
 garbage-first heap   total 482304K, used 257631K [0x0000000080000000, 0x0000000100000000)
  region size 1024K, 13 young (13312K), 13 survivors (13312K)
 Metaspace       used 174078K, committed 175040K, reserved 1204224K
  class space    used 22400K, committed 22848K, reserved 1048576K
}
Event: 326.115 GC heap before
{Heap before GC invocations=77 (full 0):
 garbage-first heap   total 482304K, used 410207K [0x0000000080000000, 0x0000000100000000)
  region size 1024K, 163 young (166912K), 13 survivors (13312K)
 Metaspace       used 177210K, committed 178368K, reserved 1204224K
  class space    used 22770K, committed 23360K, reserved 1048576K
}
Event: 326.196 GC heap after
{Heap after GC invocations=78 (full 0):
 garbage-first heap   total 482304K, used 271306K [0x0000000080000000, 0x0000000100000000)
  region size 1024K, 21 young (21504K), 21 survivors (21504K)
 Metaspace       used 177210K, committed 178368K, reserved 1204224K
  class space    used 22770K, committed 23360K, reserved 1048576K
}
Event: 326.254 GC heap before
{Heap before GC invocations=78 (full 0):
 garbage-first heap   total 482304K, used 273354K [0x0000000080000000, 0x0000000100000000)
  region size 1024K, 23 young (23552K), 21 survivors (21504K)
 Metaspace       used 177217K, committed 178368K, reserved 1204224K
  class space    used 22770K, committed 23360K, reserved 1048576K
}
Event: 326.334 GC heap after
{Heap after GC invocations=79 (full 0):
 garbage-first heap   total 482304K, used 270213K [0x0000000080000000, 0x0000000100000000)
  region size 1024K, 3 young (3072K), 3 survivors (3072K)
 Metaspace       used 177217K, committed 178368K, reserved 1204224K
  class space    used 22770K, committed 23360K, reserved 1048576K
}
Event: 389.211 GC heap before
{Heap before GC invocations=79 (full 0):
 garbage-first heap   total 482304K, used 405381K [0x0000000080000000, 0x0000000100000000)
  region size 1024K, 136 young (139264K), 3 survivors (3072K)
 Metaspace       used 178149K, committed 179520K, reserved 1212416K
  class space    used 22876K, committed 23552K, reserved 1048576K
}
Event: 389.252 GC heap after
{Heap after GC invocations=80 (full 0):
 garbage-first heap   total 482304K, used 281495K [0x0000000080000000, 0x0000000100000000)
  region size 1024K, 14 young (14336K), 14 survivors (14336K)
 Metaspace       used 178149K, committed 179520K, reserved 1212416K
  class space    used 22876K, committed 23552K, reserved 1048576K
}
Event: 691.812 GC heap before
{Heap before GC invocations=80 (full 0):
 garbage-first heap   total 482304K, used 403351K [0x0000000080000000, 0x0000000100000000)
  region size 1024K, 134 young (137216K), 14 survivors (14336K)
 Metaspace       used 178992K, committed 180288K, reserved 1212416K
  class space    used 22978K, committed 23616K, reserved 1048576K
}
Event: 691.839 GC heap after
{Heap after GC invocations=81 (full 0):
 garbage-first heap   total 482304K, used 279494K [0x0000000080000000, 0x0000000100000000)
  region size 1024K, 7 young (7168K), 7 survivors (7168K)
 Metaspace       used 178992K, committed 180288K, reserved 1212416K
  class space    used 22978K, committed 23616K, reserved 1048576K
}
Event: 694.919 GC heap before
{Heap before GC invocations=82 (full 0):
 garbage-first heap   total 517120K, used 404422K [0x0000000080000000, 0x0000000100000000)
  region size 1024K, 130 young (133120K), 7 survivors (7168K)
 Metaspace       used 180988K, committed 182336K, reserved 1212416K
  class space    used 23269K, committed 23936K, reserved 1048576K
}
Event: 694.965 GC heap after
{Heap after GC invocations=83 (full 0):
 garbage-first heap   total 517120K, used 292690K [0x0000000080000000, 0x0000000100000000)
  region size 1024K, 17 young (17408K), 17 survivors (17408K)
 Metaspace       used 180988K, committed 182336K, reserved 1212416K
  class space    used 23269K, committed 23936K, reserved 1048576K
}
Event: 695.205 GC heap before
{Heap before GC invocations=83 (full 0):
 garbage-first heap   total 517120K, used 301906K [0x0000000080000000, 0x0000000100000000)
  region size 1024K, 25 young (25600K), 17 survivors (17408K)
 Metaspace       used 181775K, committed 183104K, reserved 1212416K
  class space    used 23377K, committed 24064K, reserved 1048576K
}
Event: 695.283 GC heap after
{Heap after GC invocations=84 (full 0):
 garbage-first heap   total 517120K, used 288768K [0x0000000080000000, 0x0000000100000000)
  region size 1024K, 2 young (2048K), 2 survivors (2048K)
 Metaspace       used 181775K, committed 183104K, reserved 1212416K
  class space    used 23377K, committed 24064K, reserved 1048576K
}
Event: 697.398 GC heap before
{Heap before GC invocations=84 (full 0):
 garbage-first heap   total 517120K, used 338944K [0x0000000080000000, 0x0000000100000000)
  region size 1024K, 52 young (53248K), 2 survivors (2048K)
 Metaspace       used 183653K, committed 184960K, reserved 1212416K
  class space    used 23596K, committed 24256K, reserved 1048576K
}
Event: 697.478 GC heap after
{Heap after GC invocations=85 (full 0):
 garbage-first heap   total 517120K, used 310272K [0x0000000080000000, 0x0000000100000000)
  region size 1024K, 18 young (18432K), 18 survivors (18432K)
 Metaspace       used 183653K, committed 184960K, reserved 1212416K
  class space    used 23596K, committed 24256K, reserved 1048576K
}

